<?xml version="1.0" encoding="UTF-8"?>
<!-- Generated by org.testng.reporters.JUnitReportReporter -->
<testsuite hostname="Swapnil" failures="0" tests="1" name="Rahulshettyacademy.ExtentReport.failureCase" time="90.664" errors="0" timestamp="2023-05-23T11:17:32 IST" skipped="0">
  <testcase classname="Rahulshettyacademy.ExtentReport.failureCase" name="failureRep" time="90.664"/>
  <system-out/>
</testsuite> <!-- Rahulshettyacademy.ExtentReport.failureCase -->
