<?xml version="1.0" encoding="UTF-8"?>
<!-- Generated by org.testng.reporters.JUnitReportReporter -->
<testsuite hostname="Swapnil" failures="0" tests="1" name="Rahulshettyacademy.ExtentReport.Reports" time="96.599" errors="0" timestamp="2023-05-23T11:17:32 IST" skipped="0">
  <testcase classname="Rahulshettyacademy.ExtentReport.Reports" name="loginOrm" time="96.599"/>
  <system-out/>
</testsuite> <!-- Rahulshettyacademy.ExtentReport.Reports -->
